<?xml version="1.0" encoding="UTF-8"?>
<!-- Generated by org.testng.reporters.JUnitReportReporter -->
<testsuite hostname="DESKTOP-PKC80CL" failures="0" tests="1" name="testscript.Testscript" time="4.255" errors="0" timestamp="2023-09-30T13:06:31 IST" skipped="0">
  <testcase classname="testscript.Testscript" name="sample" time="4.255"/>
</testsuite> <!-- testscript.Testscript -->
